{"name": "test_base_page", "status": "failed", "statusDetails": {"message": "AssertionError: 'sadasdLost Hat1sadadada' != 'Lost Hat'\n- sadasdLost Hat1sadadada\n+ Lost Hat\n : Expected: sadasdLost Hat1sadadada differ from actual title Lost Hat on page: https://autodemo.testoneo.com/en/", "trace": "self = <lost_hat_smoke_tests.LostHatSmokeTests testMethod=test_base_page>\n\n    def wrapper(self):\n        try:\n            return test_fun(self)\n        except AssertionError as ex:\n            make_screenshot(self.ef_driver, 'assert')\n>           raise ex\n\nhelpers\\wrappers.py:11: \n_ _ _ _ _ _ _ _ _ _ _ _ _ _ _ _ _ _ _ _ _ _ _ _ _ _ _ _ _ _ _ _ _ _ _ _ _ _ _ _ _ _ _ _ _ _ _ _ _ _ _ _ _ _ _ _ _ _ _ _ _ _ _ _ _ _ _ _ _ _ _ _ _ _ _ _ _ _ _ _ _ _ _ _ _ _ _ _ _ _ _ _ _ _ _ \nhelpers\\wrappers.py:8: in wrapper\n    return test_fun(self)\nlost_hat_smoke_tests.py:39: in test_base_page\n    self.assert_title(self.base_url, expected_title)\nlost_hat_smoke_tests.py:34: in assert_title\n    f'Expected: {expected_title} differ from actual title {actual_title} on page: {url}')\nE   AssertionError: 'sadasdLost Hat1sadadada' != 'Lost Hat'\nE   - sadasdLost Hat1sadadada\nE   + Lost Hat\nE    : Expected: sadasdLost Hat1sadadada differ from actual title Lost Hat on page: https://autodemo.testoneo.com/en/"}, "attachments": [{"name": "Screenshot", "source": "ca7141aa-1e45-4e7d-a699-65ec6404a178-attachment.png", "type": "image/png"}, {"name": "stdout", "source": "01f2ea93-6a2a-4d2b-8dc2-8fc3396391b3-attachment.txt", "type": "text/plain"}], "start": 1562934788799, "stop": 1562934790760, "uuid": "03f85464-428c-4099-ab53-e922a9419f2d", "historyId": "d2ba0bab015529138cbcc176ab678843", "fullName": "testsuite_all_tests.LostHatSmokeTests#test_base_page", "labels": [{"name": "suite", "value": "testsuite_all_tests"}, {"name": "subSuite", "value": "LostHatSmokeTests"}, {"name": "host", "value": "5CD811BP16"}, {"name": "thread", "value": "19388-MainThread"}, {"name": "framework", "value": "pytest"}, {"name": "language", "value": "cpython3"}, {"name": "package", "value": "testsuite_all_tests"}]}